<?xml version="1.0" encoding="UTF-8"?>
<!-- Generated by org.testng.reporters.JUnitReportReporter -->
<testsuite skipped="0" hostname="PINKYPRIYA" name="org.tasktestng.GenerateReport" tests="1" failures="0" timestamp="08 Nov 2020 10:19:35 GMT" time="74.796" errors="0">
  <testcase name="test" time="74.796" classname="org.tasktestng.GenerateReport"/>
</testsuite> <!-- org.tasktestng.GenerateReport -->
