<?xml version="1.0" encoding="UTF-8"?>
<!-- Generated by org.testng.reporters.JUnitReportReporter -->
<testsuite skipped="0" hostname="PINKYPRIYA" name="org.testng.First" tests="1" failures="0" timestamp="04 Jan 2021 15:35:56 GMT" time="0.031" errors="0">
  <testcase name="test11" time="0.031" classname="org.testng.First"/>
</testsuite> <!-- org.testng.First -->
