<?xml version="1.0" encoding="UTF-8"?>
<!-- Generated by org.testng.reporters.JUnitReportReporter -->
<testsuite skipped="1" hostname="PINKYPRIYA" name="org.tasktestng.FaceBook" tests="1" failures="0" timestamp="01 Dec 2020 07:42:52 GMT" time="0.000" errors="0">
  <testcase name="test2" time="0.000" classname="org.tasktestng.FaceBook">
    <skipped/>
  </testcase> <!-- test2 -->
</testsuite> <!-- org.tasktestng.FaceBook -->
