<?xml version="1.0" encoding="UTF-8"?>
<!-- Generated by org.testng.reporters.JUnitReportReporter -->
<testsuite skipped="1" hostname="PINKYPRIYA" name="org.datadriven.Facebook" tests="1" failures="0" timestamp="10 Nov 2020 13:58:09 GMT" time="0.000" errors="0">
  <testcase name="test2" time="0.000" classname="org.datadriven.Facebook">
    <skipped/>
  </testcase> <!-- test2 -->
</testsuite> <!-- org.datadriven.Facebook -->
