<?xml version="1.0" encoding="UTF-8"?>
<!-- Generated by org.testng.reporters.JUnitReportReporter -->
<testsuite skipped="0" hostname="PINKYPRIYA" name="org.rerun.Sample" tests="4" failures="0" timestamp="08 Nov 2020 05:57:42 GMT" time="0.103" errors="0">
  <testcase name="tes1" time="0.030" classname="org.rerun.Sample"/>
  <testcase name="test3" time="0.025" classname="org.rerun.Sample"/>
  <testcase name="test5" time="0.018" classname="org.rerun.Sample"/>
  <testcase name="test2" time="0.030" classname="org.rerun.Sample"/>
</testsuite> <!-- org.rerun.Sample -->
