<?xml version="1.0" encoding="UTF-8"?>
<!-- Generated by org.testng.reporters.JUnitReportReporter -->
<testsuite skipped="0" hostname="PINKYPRIYA" name="org.tasktestng.FaceBook" tests="2" failures="0" timestamp="04 Nov 2020 05:26:27 GMT" time="122.047" errors="0">
  <testcase name="test2" time="86.537" classname="org.tasktestng.FaceBook"/>
  <testcase name="test2" time="35.510" classname="org.tasktestng.FaceBook"/>
</testsuite> <!-- org.tasktestng.FaceBook -->
