<?xml version="1.0" encoding="UTF-8"?>
<!-- Generated by org.testng.reporters.JUnitReportReporter -->
<testsuite skipped="0" hostname="PINKYPRIYA" name="org.testng.Example" tests="6" failures="0" timestamp="27 Oct 2020 12:57:58 GMT" time="0.065" errors="0">
  <testcase name="test7" time="0.011" classname="org.testng.Example"/>
  <testcase name="test7" time="0.012" classname="org.testng.Example"/>
  <testcase name="test2" time="0.002" classname="org.testng.Example"/>
  <testcase name="test2" time="0.003" classname="org.testng.Example"/>
  <testcase name="test2" time="0.029" classname="org.testng.Example"/>
  <testcase name="test7" time="0.008" classname="org.testng.Example"/>
</testsuite> <!-- org.testng.Example -->
