<?xml version="1.0" encoding="UTF-8"?>
<!-- Generated by org.testng.reporters.JUnitReportReporter -->
<testsuite skipped="0" hostname="PINKYPRIYA" name="org.testng.Sample" tests="5" failures="0" timestamp="24 Oct 2020 13:51:41 GMT" time="0.172" errors="0">
  <testcase name="test3" time="0.122" classname="org.testng.Sample"/>
  <testcase name="test1" time="0.012" classname="org.testng.Sample"/>
  <testcase name="test5" time="0.019" classname="org.testng.Sample"/>
  <testcase name="test9" time="0.010" classname="org.testng.Sample"/>
  <testcase name="test2" time="0.009" classname="org.testng.Sample"/>
</testsuite> <!-- org.testng.Sample -->
