<?xml version="1.0" encoding="UTF-8"?>
<!-- Generated by org.testng.reporters.JUnitReportReporter -->
<testsuite skipped="1" hostname="PINKYPRIYA" name="org.testng.InvoCount" tests="6" failures="0" timestamp="30 Oct 2020 11:10:01 GMT" time="0.092" errors="0">
  <testcase name="test1" time="0.056" classname="org.testng.InvoCount"/>
  <testcase name="test1" time="0.006" classname="org.testng.InvoCount"/>
  <testcase name="test1" time="0.015" classname="org.testng.InvoCount"/>
  <testcase name="test1" time="0.005" classname="org.testng.InvoCount"/>
  <testcase name="test1" time="0.010" classname="org.testng.InvoCount"/>
  <testcase name="test2" classname="org.testng.InvoCount">
    <skipped/>
  </testcase> <!-- test2 -->
</testsuite> <!-- org.testng.InvoCount -->
