<?xml version="1.0" encoding="UTF-8"?>
<!-- Generated by org.testng.reporters.JUnitReportReporter -->
<testsuite skipped="0" hostname="PINKYPRIYA" name="org.testng.AdactGetDatas" tests="2" failures="0" timestamp="02 Nov 2020 07:56:34 GMT" time="0.072" errors="0">
  <testcase name="test3" time="0.006" classname="org.testng.AdactGetDatas"/>
  <testcase name="test3" time="0.066" classname="org.testng.AdactGetDatas"/>
</testsuite> <!-- org.testng.AdactGetDatas -->
