<?xml version="1.0" encoding="UTF-8"?>
<!-- Generated by org.testng.reporters.JUnitReportReporter -->
<testsuite skipped="0" hostname="PINKYPRIYA" name="org.testng.ParallelByMethods" tests="7" failures="0" timestamp="29 Oct 2020 06:34:46 GMT" time="0.487" errors="0">
  <testcase name="test4" time="0.036" classname="org.testng.ParallelByMethods"/>
  <testcase name="test3" time="0.078" classname="org.testng.ParallelByMethods"/>
  <testcase name="test6" time="0.044" classname="org.testng.ParallelByMethods"/>
  <testcase name="test8" time="0.094" classname="org.testng.ParallelByMethods"/>
  <testcase name="test7" time="0.076" classname="org.testng.ParallelByMethods"/>
  <testcase name="test1" time="0.104" classname="org.testng.ParallelByMethods"/>
  <testcase name="test2" time="0.055" classname="org.testng.ParallelByMethods"/>
</testsuite> <!-- org.testng.ParallelByMethods -->
