<?xml version="1.0" encoding="UTF-8"?>
<!-- Generated by org.testng.reporters.JUnitReportReporter -->
<testsuite skipped="0" hostname="PINKYPRIYA" name="org.datadriven.Naukri" tests="1" failures="0" timestamp="11 Nov 2020 07:05:05 GMT" time="95.598" errors="0">
  <testcase name="test" time="95.598" classname="org.datadriven.Naukri"/>
</testsuite> <!-- org.datadriven.Naukri -->
