<?xml version="1.0" encoding="UTF-8"?>
<!-- Generated by org.testng.reporters.JUnitReportReporter -->
<testsuite skipped="0" hostname="PINKYPRIYA" name="org.testng.First" tests="5" failures="0" timestamp="27 Oct 2020 13:18:55 GMT" time="0.061" errors="0">
  <testcase name="test11" time="0.008" classname="org.testng.First"/>
  <testcase name="test1" time="0.030" classname="org.testng.First"/>
  <testcase name="test8" time="0.007" classname="org.testng.First"/>
  <testcase name="test7" time="0.007" classname="org.testng.First"/>
  <testcase name="test4" time="0.009" classname="org.testng.First"/>
</testsuite> <!-- org.testng.First -->
