<?xml version="1.0" encoding="UTF-8"?>
<!-- Generated by org.testng.reporters.JUnitReportReporter -->
<testsuite skipped="0" hostname="PINKYPRIYA" name="org.testng.ParallelByClass_2" tests="4" failures="0" timestamp="29 Oct 2020 05:58:40 GMT" time="0.075" errors="0">
  <testcase name="test2" time="0.040" classname="org.testng.ParallelByClass_2"/>
  <testcase name="test4" time="0.009" classname="org.testng.ParallelByClass_2"/>
  <testcase name="test3" time="0.008" classname="org.testng.ParallelByClass_2"/>
  <testcase name="test9" time="0.018" classname="org.testng.ParallelByClass_2"/>
</testsuite> <!-- org.testng.ParallelByClass_2 -->
