<?xml version="1.0" encoding="UTF-8"?>
<!-- Generated by org.testng.reporters.JUnitReportReporter -->
<testsuite skipped="0" hostname="PINKYPRIYA" name="org.tasktestng.GroupsFaceBook" tests="2" failures="0" timestamp="08 Nov 2020 16:24:34 GMT" time="145.661" errors="0">
  <testcase name="test3" time="69.551" classname="org.tasktestng.GroupsFaceBook"/>
  <testcase name="test4" time="76.110" classname="org.tasktestng.GroupsFaceBook"/>
</testsuite> <!-- org.tasktestng.GroupsFaceBook -->
