<?xml version="1.0" encoding="UTF-8"?>
<!-- Generated by org.testng.reporters.JUnitReportReporter -->
<testsuite skipped="0" hostname="PINKYPRIYA" name="org.testng.Par2" tests="4" failures="0" timestamp="29 Oct 2020 07:11:42 GMT" time="0.100" errors="0">
  <testcase name="test3" time="0.002" classname="org.testng.Par2"/>
  <testcase name="test2" time="0.092" classname="org.testng.Par2"/>
  <testcase name="test4" time="0.004" classname="org.testng.Par2"/>
  <testcase name="test9" time="0.002" classname="org.testng.Par2"/>
</testsuite> <!-- org.testng.Par2 -->
