<?xml version="1.0" encoding="UTF-8"?>
<!-- Generated by org.testng.reporters.JUnitReportReporter -->
<testsuite skipped="0" hostname="PINKYPRIYA" name="org.taskjunit.Demo_2" tests="2" failures="0" timestamp="04 Nov 2020 11:03:58 GMT" time="213.244" errors="0">
  <testcase name="test1" time="103.129" classname="org.taskjunit.Demo_2"/>
  <testcase name="test1" time="110.115" classname="org.taskjunit.Demo_2"/>
</testsuite> <!-- org.taskjunit.Demo_2 -->
