<?xml version="1.0" encoding="UTF-8"?>
<!-- Generated by org.testng.reporters.JUnitReportReporter -->
<testsuite skipped="0" hostname="PINKYPRIYA" name="org.testng.Par1" tests="3" failures="0" timestamp="29 Oct 2020 07:11:42 GMT" time="0.037" errors="0">
  <testcase name="test3" time="0.009" classname="org.testng.Par1"/>
  <testcase name="test1" time="0.024" classname="org.testng.Par1"/>
  <testcase name="test7" time="0.004" classname="org.testng.Par1"/>
</testsuite> <!-- org.testng.Par1 -->
